                            OLS Regression Results                            
==============================================================================
Dep. Variable:                male_10   R-squared:                       0.010
Model:                            OLS   Adj. R-squared:                  0.009
Method:                 Least Squares   F-statistic:                     66.73
Date:                Fri, 31 Aug 2018   Prob (F-statistic):           1.26e-69
Time:                        15:57:04   Log-Likelihood:            -2.0481e+05
No. Observations:               34717   AIC:                         4.096e+05
Df Residuals:                   34711   BIC:                         4.097e+05
Df Model:                           5                                         
Covariance Type:            nonrobust                                         
==============================================================================
                 coef    std err          t      P>|t|      [0.025      0.975]
------------------------------------------------------------------------------
Intercept      9.7340      0.519     18.742      0.000       8.716      10.752
H3K27ac       -0.5220      0.144     -3.633      0.000      -0.804      -0.240
H3K27me3      -0.2857      0.098     -2.905      0.004      -0.478      -0.093
H3K4me1        0.3168      0.089      3.553      0.000       0.142       0.492
H3K4me3        1.0781      0.088     12.297      0.000       0.906       1.250
H3K9ac        -0.0608      0.098     -0.622      0.534      -0.252       0.131
==============================================================================
Omnibus:                    86924.560   Durbin-Watson:                   1.875
Prob(Omnibus):                  0.000   Jarque-Bera (JB):       2489975546.007
Skew:                          27.259   Prob(JB):                         0.00
Kurtosis:                    1313.861   Cond. No.                         11.4
==============================================================================

Warnings:
[1] Standard Errors assume that the covariance matrix of the errors is correctly specified.
