P358759	3R	-	3461351	3587054	FBtr0113885	6	3112	FBgn0010247	Parp	7.600407	10.997173
P0904036	3R	-	4189692	4190260	FBtr0078989	1	569	FBgn0000500	Dsk	0.000000	0.000000
Q9VMY950	3R	-	4227387	4229238	FBtr0078986	5	1590	FBgn0261436	DhpD	0.000000	0.000000
Q9V3C052	3R	+	4233047	4235041	FBtr0078967	1	1995	FBgn0015331	abs	15.495739	22.421080
Q0717153	3R	+	4235217	4241057	FBtr0078968	8	2836	FBgn0010225	Gel	0.000000	0.000000
Q0717154	3R	+	4235217	4241057	FBtr0078969	10	2940	FBgn0010225	Gel	0.000000	0.000000
Q0717155	3R	+	4235217	4241057	FBtr0078973	8	2807	FBgn0010225	Gel	0.000000	0.000000
Q0717156	3R	+	4235217	4241057	FBtr0309256	9	2897	FBgn0010225	Gel	0.000000	0.000000
Q0717157	3R	+	4235217	4241057	FBtr0336707	7	2584	FBgn0010225	Gel	0.000000	0.000000
Q0717158	3R	+	4236788	4241057	FBtr0078971	7	2628	FBgn0010225	Gel	0.000000	0.000000
Q0717159	3R	+	4236788	4241057	FBtr0309257	8	2839	FBgn0010225	Gel	0.000000	0.000000
P8298672	3R	+	4256972	4258444	FBtr0078977	6	1158	FBgn0041621	Or82a	0.000000	0.000000
Q8IPM877	3R	+	4280221	4301541	FBtr0078897	7	3628	FBgn0041605	cpx	0.000000	0.000000
Q8IPM878	3R	+	4280221	4304604	FBtr0336482	5	9682	FBgn0041605	cpx	0.000000	0.000000
Q8IPM879	3R	+	4280385	4301541	FBtr0078898	7	3577	FBgn0041605	cpx	0.000000	0.000000
Q8IPM880	3R	+	4280385	4301541	FBtr0078899	7	3930	FBgn0041605	cpx	0.000000	0.000000
Q8IPM881	3R	+	4280385	4301541	FBtr0301768	7	5137	FBgn0041605	cpx	0.000000	0.000000
Q8IPM882	3R	+	4280385	4301541	FBtr0301769	7	3538	FBgn0041605	cpx	0.000000	0.000000
Q8IPM883	3R	+	4281705	4301541	FBtr0078900	7	3650	FBgn0041605	cpx	0.000000	0.000000
Q8IPM884	3R	+	4281705	4304604	FBtr0078902	6	2888	FBgn0041605	cpx	0.000000	0.000000
Q8IPM885	3R	+	4281838	4301541	FBtr0113338	7	3649	FBgn0041605	cpx	0.000000	0.000000
Q8IPM886	3R	+	4281838	4301541	FBtr0113340	7	3576	FBgn0041605	cpx	0.000000	0.000000
Q8IPM887	3R	+	4281838	4301541	FBtr0301770	7	3561	FBgn0041605	cpx	0.000000	0.000000
Q8IPM888	3R	+	4282164	4301541	FBtr0113341	7	3634	FBgn0041605	cpx	0.000000	0.000000
Q8IPM889	3R	+	4282164	4301541	FBtr0300789	8	3655	FBgn0041605	cpx	0.000000	0.000000
Q8IPM890	3R	+	4282164	4304604	FBtr0301771	6	8078	FBgn0041605	cpx	0.000000	0.000000
Q8IPM891	3R	+	4282625	4301541	FBtr0078901	6	3541	FBgn0041605	cpx	0.000000	0.000000
Q8IPM892	3R	+	4282625	4301541	FBtr0301772	7	3544	FBgn0041605	cpx	0.000000	0.000000
Q8IPM893	3R	+	4291738	4296962	FBtr0310506	3	2094	FBgn0041605	cpx	0.000000	0.000000
Q8IPM894	3R	+	4291738	4301541	FBtr0100500	5	3682	FBgn0041605	cpx	0.000000	0.000000
Q8IPM895	3R	+	4291738	4301541	FBtr0113337	5	3485	FBgn0041605	cpx	0.000000	0.000000
Q8IPM896	3R	+	4291738	4304604	FBtr0310614	5	3803	FBgn0041605	cpx	0.000000	0.000000
Q8IPM898	3R	+	4294862	4301541	FBtr0100499	5	3233	FBgn0041605	cpx	0.000000	0.000000
A0A126GUP6101	3R	+	4307908	4309835	FBtr0078903	4	1468	FBgn0027930	MP1	0.000000	0.000000
A0A126GUP6102	3R	+	4307908	4309835	FBtr0300936	4	1495	FBgn0027930	MP1	0.000000	0.000000
Q9VN03104	3R	+	4311555	4314372	FBtr0273009	6	2530	FBgn0037232	CG9791	0.000000	0.000000
Q9V468112	3R	-	4327814	4334071	FBtr0078955	7	4135	FBgn0027866	CG9776	39.576077	57.263374
Q9V468113	3R	-	4328057	4331046	FBtr0078956	3	2172	FBgn0027866	CG9776	0.000000	0.000000
Q9VN12120	3R	+	4359883	4366855	FBtr0332449	5	3813	FBgn0037238	CG1090	0.000000	0.000000
Q9VN12121	3R	+	4359883	4366855	FBtr0335201	7	3233	FBgn0037238	CG1090	0.000000	0.000000
Q9VN12122	3R	+	4359883	4366855	FBtr0335202	7	2913	FBgn0037238	CG1090	0.000000	0.000000
Q9VN12123	3R	+	4359883	4366855	FBtr0335203	7	3446	FBgn0037238	CG1090	0.000000	0.000000
Q9VN14129	3R	+	4381306	4387018	FBtr0078917	8	4742	FBgn0037240	Cont	0.000000	0.000000
P22812130	3R	+	4387742	4389813	FBtr0302338	2	2006	FBgn0003882	tub	0.000000	0.000000
Q9VN19141	3R	-	4398381	4400009	FBtr0344215	3	1508	FBgn0086605	CG9853	17.251604	24.961674
Q9VN19142	3R	-	4398558	4400009	FBtr0078949	3	1331	FBgn0086605	CG9853	19.545769	28.281141
Q9VN19143	3R	-	4398558	4402027	FBtr0113192	4	1818	FBgn0086605	CG9853	0.000000	0.000000
Q9VN25155	3R	-	4429798	4433895	FBtr0346646	4	3892	FBgn0037249	eIF3-S10	62.875160	90.975266
Q9VN25156	3R	-	4429917	4433895	FBtr0078944	4	3773	FBgn0037249	eIF3-S10	71.326645	103.203880
Q9VN27158	3R	-	4436222	4437164	FBtr0346735	1	943	FBgn0037251	CG9804	10.265111	14.852783
Q9VN27159	3R	-	4436222	4437329	FBtr0078943	1	1108	FBgn0037251	CG9804	8.772563	12.693188
Q8IH24202	3R	+	4641963	4643292	FBtr0078856	3	1098	FBgn0037262	MED31	27.065239	39.161209
Q8IH24203	3R	+	4641963	4643292	FBtr0078857	4	823	FBgn0037262	MED31	47.140511	68.208504
Q8IH24204	3R	+	4641963	4643292	FBtr0305312	4	818	FBgn0037262	MED31	1.470596	2.127833
Q8IH24205	3R	+	4641963	4643292	FBtr0336456	3	1092	FBgn0037262	MED31	0.843384	1.220308
Q8IH24206	3R	+	4641963	4643292	FBtr0345249	3	678	FBgn0037262	MED31	0.000000	0.000000
Q9VN41207	3R	+	4641963	4644636	FBtr0301296	2	1139	FBgn0037263	slx1	5.343610	7.731771
Q9VN45214	3R	+	4654800	4657985	FBtr0078861	4	2130	FBgn0037265	spartin	0.600939	0.869510
Q9VN45215	3R	+	4655159	4657985	FBtr0308820	4	1962	FBgn0037265	spartin	0.000000	0.000000
Q0KIC3216	3R	+	4659579	4705261	FBtr0308849	9	5335	FBgn0263346	CG43427	0.000000	0.000000
Q0KIC3217	3R	+	4659579	4705261	FBtr0308850	8	5897	FBgn0263346	CG43427	0.000000	0.000000
Q0KIC3218	3R	+	4659579	4705261	FBtr0308851	9	5552	FBgn0263346	CG43427	0.000000	0.000000
Q0KIC3219	3R	+	4659579	4711945	FBtr0308852	15	6180	FBgn0263346	CG43427	0.000000	0.000000
Q0KIC3220	3R	+	4659579	4711945	FBtr0308855	14	6075	FBgn0263346	CG43427	0.000000	0.000000
Q0KIC3221	3R	+	4659579	4711945	FBtr0308856	15	6282	FBgn0263346	CG43427	0.000000	0.000000
Q0KIC3222	3R	+	4659579	4711945	FBtr0308857	14	7012	FBgn0263346	CG43427	0.000000	0.000000
Q0KIC3223	3R	+	4659579	4712193	FBtr0308858	14	7014	FBgn0263346	CG43427	0.000000	0.000000
Q0KIC3227	3R	+	4706146	4711945	FBtr0308853	6	3810	FBgn0263346	CG43427	0.000000	0.000000
Q0KIC3228	3R	+	4706146	4712193	FBtr0308854	7	4163	FBgn0263346	CG43427	0.000000	0.000000
Q9VN50229	3R	-	4712882	4714182	FBtr0078892	1	1301	FBgn0037270	CG9769	167.385086	242.192657
A0A0B4K692231	3R	-	4719458	4731878	FBtr0333922	9	3103	FBgn0027570	Nep2	0.000000	0.000000
A0A0B4K692232	3R	-	4719798	4731878	FBtr0078891	9	2763	FBgn0027570	Nep2	0.000000	0.000000
A0A0B4K692233	3R	-	4719798	4731878	FBtr0305133	10	2796	FBgn0027570	Nep2	0.000000	0.000000
Q7JZB4269	3R	+	4811444	4815812	FBtr0345175	5	2499	FBgn0037279	CG1129	5.416169	7.836758
Q7JZB4270	3R	+	4813335	4815812	FBtr0078870	4	1641	FBgn0037279	CG1129	8.237056	11.918352
Q7JZB4271	3R	+	4813335	4816025	FBtr0078871	5	1715	FBgn0037279	CG1129	0.000000	0.000000
Q7JZB4272	3R	+	4813639	4816025	FBtr0345174	3	1612	FBgn0037279	CG1129	1.284017	1.857869
P39768279	3R	+	4852813	4869979	FBtr0078836	3	2939	FBgn0003002	opa	0.000000	0.000000
P35600283	3R	+	4906622	4910081	FBtr0078837	4	3208	FBgn0004913	Gnf1	44.310249	64.113342
P35600284	3R	+	4906622	4910081	FBtr0100159	4	3274	FBgn0004913	Gnf1	3.840998	5.557612
P25153291	3R	-	4948755	4952682	FBtr0078849	3	2166	FBgn0004436	Ubc6	18.655113	26.992437
P25153292	3R	-	4949779	4952682	FBtr0306106	3	1142	FBgn0004436	Ubc6	35.382641	51.195812
P41046307	3R	-	5077779	5087072	FBtr0308119	1	9294	FBgn0010313	corto	0.480931	0.695868
P41046308	3R	-	5083176	5086712	FBtr0308118	1	3537	FBgn0010313	corto	1.263718	1.828498
P41046309	3R	-	5083721	5086712	FBtr0345141	1	2992	FBgn0010313	corto	44.862663	64.912643
P41046310	3R	-	5083721	5087072	FBtr0308120	1	3352	FBgn0010313	corto	1.333464	1.929414
P41046311	3R	-	5084037	5087072	FBtr0078844	1	3036	FBgn0010313	corto	1.403219	2.030344
Q9VN91344	3R	-	5236092	5237315	FBtr0078825	3	960	FBgn0087005	rtp	0.000000	0.000000
Q9VN93345	3R	-	5237651	5251745	FBtr0078822	5	1882	FBgn0260462	CG12163	70.647537	102.221260
Q9VN93346	3R	-	5237651	5251745	FBtr0078823	6	2299	FBgn0260462	CG12163	0.000000	0.000000
Q9VN93348	3R	-	5243152	5251745	FBtr0303994	2	1425	FBgn0260462	CG12163	0.000000	0.000000
Q9VN95353	3R	-	5255444	5256681	FBtr0078821	3	867	FBgn0037305	CG12173	11.979153	17.332863
Q9VN97356	3R	-	5258336	5262692	FBtr0078820	2	991	FBgn0037307	Tim17a2	0.000000	0.000000
Q9VNA0386	3R	+	5300145	5301186	FBtr0078784	3	785	FBgn0037310	Tim17b1	0.000000	0.000000
Q9VNA4388	3R	+	5355092	5356748	FBtr0078785	5	945	FBgn0037313	CG1161	29.318518	42.421516
Q9VNA4389	3R	+	5355092	5356748	FBtr0335000	4	1241	FBgn0037313	CG1161	2.346750	3.395557
Q9VNA5390	3R	-	5357012	5358175	FBtr0078806	3	1026	FBgn0250746	Prosbeta7	94.428848	136.630890
Q9VNA5391	3R	-	5357012	5358364	FBtr0078805	3	1215	FBgn0250746	Prosbeta7	79.739914	115.377190
Q24320399	3R	+	5371795	5372397	FBtr0078787	2	541	FBgn0003275	RpII18	45.619225	66.007324
Q9VNA8400	3R	-	5372592	5374634	FBtr0078802	3	1927	FBgn0086695	hd	7.982045	11.549373
